# JRE version: OpenJDK Runtime Environment (11.0.11+9) (build 11.0.11+9-b60-7590822)
# Java VM: OpenJDK 64-Bit Server VM (11.0.11+9-b60-7590822, mixed mode, tiered, compressed oops, g1 gc, windows-amd64)
Heap:
 garbage-first heap   total 268288K, used 166541K [0x0000000080000000, 0x0000000100000000)
  region size 1024K, 64 young (65536K), 8 survivors (8192K)
 Metaspace       used 92715K, capacity 94795K, committed 95060K, reserved 1132544K
  class space    used 11640K, capacity 12460K, committed 12544K, reserved 1048576K
GC Heap History (20 events):
Event: 18.152 GC heap before
{Heap before GC invocations=15 (full 0):
 garbage-first heap   total 189440K, used 121253K [0x0000000080000000, 0x0000000100000000)
  region size 1024K, 70 young (71680K), 3 survivors (3072K)
 Metaspace       used 65246K, capacity 66746K, committed 66900K, reserved 1107968K
  class space    used 8255K, capacity 8841K, committed 8960K, reserved 1048576K
}
Event: 18.162 GC heap after
{Heap after GC invocations=16 (full 0):
 garbage-first heap   total 189440K, used 56508K [0x0000000080000000, 0x0000000100000000)
  region size 1024K, 7 young (7168K), 7 survivors (7168K)
 Metaspace       used 65246K, capacity 66746K, committed 66900K, reserved 1107968K
  class space    used 8255K, capacity 8841K, committed 8960K, reserved 1048576K
}
Event: 19.330 GC heap before
{Heap before GC invocations=16 (full 0):
 garbage-first heap   total 189440K, used 127164K [0x0000000080000000, 0x0000000100000000)
  region size 1024K, 76 young (77824K), 7 survivors (7168K)
 Metaspace       used 68687K, capacity 70263K, committed 70356K, reserved 1110016K
  class space    used 8689K, capacity 9305K, committed 9344K, reserved 1048576K
}
Event: 19.345 GC heap after
{Heap after GC invocations=17 (full 0):
 garbage-first heap   total 189440K, used 61739K [0x0000000080000000, 0x0000000100000000)
  region size 1024K, 10 young (10240K), 10 survivors (10240K)
 Metaspace       used 68687K, capacity 70263K, committed 70356K, reserved 1110016K
  class space    used 8689K, capacity 9305K, committed 9344K, reserved 1048576K
}
Event: 21.568 GC heap before
{Heap before GC invocations=17 (full 0):
 garbage-first heap   total 189440K, used 132395K [0x0000000080000000, 0x0000000100000000)
  region size 1024K, 79 young (80896K), 10 survivors (10240K)
 Metaspace       used 75873K, capacity 77519K, committed 77652K, reserved 1116160K
  class space    used 9828K, capacity 10494K, committed 10496K, reserved 1048576K
}
Event: 21.602 GC heap after
{Heap after GC invocations=18 (full 0):
 garbage-first heap   total 189440K, used 66806K [0x0000000080000000, 0x0000000100000000)
  region size 1024K, 10 young (10240K), 10 survivors (10240K)
 Metaspace       used 75873K, capacity 77519K, committed 77652K, reserved 1116160K
  class space    used 9828K, capacity 10494K, committed 10496K, reserved 1048576K
}
Event: 25.040 GC heap before
{Heap before GC invocations=18 (full 0):
 garbage-first heap   total 189440K, used 137462K [0x0000000080000000, 0x0000000100000000)
  region size 1024K, 79 young (80896K), 10 survivors (10240K)
 Metaspace       used 82790K, capacity 84673K, committed 84948K, reserved 1122304K
  class space    used 10793K, capacity 11540K, committed 11648K, reserved 1048576K
}
Event: 25.068 GC heap after
{Heap after GC invocations=19 (full 0):
 garbage-first heap   total 189440K, used 70941K [0x0000000080000000, 0x0000000100000000)
  region size 1024K, 9 young (9216K), 9 survivors (9216K)
 Metaspace       used 82790K, capacity 84673K, committed 84948K, reserved 1122304K
  class space    used 10793K, capacity 11540K, committed 11648K, reserved 1048576K
}
Event: 30.964 GC heap before
{Heap before GC invocations=19 (full 0):
 garbage-first heap   total 189440K, used 140573K [0x0000000080000000, 0x0000000100000000)
  region size 1024K, 78 young (79872K), 9 survivors (9216K)
 Metaspace       used 85477K, capacity 87454K, committed 87764K, reserved 1126400K
  class space    used 11066K, capacity 11843K, committed 11904K, reserved 1048576K
}
Event: 30.991 GC heap after
{Heap after GC invocations=20 (full 0):
 garbage-first heap   total 189440K, used 75456K [0x0000000080000000, 0x0000000100000000)
  region size 1024K, 9 young (9216K), 9 survivors (9216K)
 Metaspace       used 85477K, capacity 87454K, committed 87764K, reserved 1126400K
  class space    used 11066K, capacity 11843K, committed 11904K, reserved 1048576K
}
Event: 36.472 GC heap before
{Heap before GC invocations=20 (full 0):
 garbage-first heap   total 189440K, used 148160K [0x0000000080000000, 0x0000000100000000)
  region size 1024K, 78 young (79872K), 9 survivors (9216K)
 Metaspace       used 86941K, capacity 88956K, committed 89172K, reserved 1126400K
  class space    used 11197K, capacity 11967K, committed 12032K, reserved 1048576K
}
Event: 36.528 GC heap after
{Heap after GC invocations=21 (full 0):
 garbage-first heap   total 189440K, used 91561K [0x0000000080000000, 0x0000000100000000)
  region size 1024K, 10 young (10240K), 10 survivors (10240K)
 Metaspace       used 86941K, capacity 88956K, committed 89172K, reserved 1126400K
  class space    used 11197K, capacity 11967K, committed 12032K, reserved 1048576K
}
Event: 38.567 GC heap before
{Heap before GC invocations=21 (full 0):
 garbage-first heap   total 189440K, used 134569K [0x0000000080000000, 0x0000000100000000)
  region size 1024K, 51 young (52224K), 10 survivors (10240K)
 Metaspace       used 87441K, capacity 89441K, committed 89684K, reserved 1126400K
  class space    used 11230K, capacity 12001K, committed 12032K, reserved 1048576K
}
Event: 38.927 GC heap after
{Heap after GC invocations=22 (full 0):
 garbage-first heap   total 189440K, used 102873K [0x0000000080000000, 0x0000000100000000)
  region size 1024K, 8 young (8192K), 8 survivors (8192K)
 Metaspace       used 87441K, capacity 89441K, committed 89684K, reserved 1126400K
  class space    used 11230K, capacity 12001K, committed 12032K, reserved 1048576K
}
Event: 42.333 GC heap before
{Heap before GC invocations=23 (full 0):
 garbage-first heap   total 189440K, used 151001K [0x0000000080000000, 0x0000000100000000)
  region size 1024K, 50 young (51200K), 8 survivors (8192K)
 Metaspace       used 87566K, capacity 89538K, committed 89684K, reserved 1126400K
  class space    used 11238K, capacity 11990K, committed 12032K, reserved 1048576K
}
Event: 42.555 GC heap after
{Heap after GC invocations=24 (full 0):
 garbage-first heap   total 268288K, used 104157K [0x0000000080000000, 0x0000000100000000)
  region size 1024K, 4 young (4096K), 4 survivors (4096K)
 Metaspace       used 87566K, capacity 89538K, committed 89684K, reserved 1126400K
  class space    used 11238K, capacity 11990K, committed 12032K, reserved 1048576K
}
Event: 43.168 GC heap before
{Heap before GC invocations=24 (full 0):
 garbage-first heap   total 268288K, used 148189K [0x0000000080000000, 0x0000000100000000)
  region size 1024K, 47 young (48128K), 4 survivors (4096K)
 Metaspace       used 87574K, capacity 89538K, committed 89684K, reserved 1126400K
  class space    used 11238K, capacity 11990K, committed 12032K, reserved 1048576K
}
Event: 43.177 GC heap after
{Heap after GC invocations=25 (full 0):
 garbage-first heap   total 268288K, used 103393K [0x0000000080000000, 0x0000000100000000)
  region size 1024K, 3 young (3072K), 3 survivors (3072K)
 Metaspace       used 87574K, capacity 89538K, committed 89684K, reserved 1126400K
  class space    used 11238K, capacity 11990K, committed 12032K, reserved 1048576K
}
Event: 45.165 GC heap before
{Heap before GC invocations=25 (full 0):
 garbage-first heap   total 268288K, used 180193K [0x0000000080000000, 0x0000000100000000)
  region size 1024K, 64 young (65536K), 3 survivors (3072K)
 Metaspace       used 90632K, capacity 92680K, committed 92756K, reserved 1130496K
  class space    used 11473K, capacity 12267K, committed 12288K, reserved 1048576K
}
Event: 45.186 GC heap after
{Heap after GC invocations=26 (full 0):
 garbage-first heap   total 268288K, used 111245K [0x0000000080000000, 0x0000000100000000)
  region size 1024K, 8 young (8192K), 8 survivors (8192K)
 Metaspace       used 90632K, capacity 92680K, committed 92756K, reserved 1130496K
  class space    used 11473K, capacity 12267K, committed 12288K, reserved 1048576K
}

