# JRE version: OpenJDK Runtime Environment (11.0.11+9) (build 11.0.11+9-b60-7590822)
# Java VM: OpenJDK 64-Bit Server VM (11.0.11+9-b60-7590822, mixed mode, tiered, compressed oops, g1 gc, windows-amd64)
Heap:
 garbage-first heap   total 157696K, used 95812K [0x0000000080000000, 0x0000000100000000)
  region size 1024K, 59 young (60416K), 3 survivors (3072K)
 Metaspace       used 48343K, capacity 49489K, committed 49616K, reserved 1093632K
  class space    used 6149K, capacity 6604K, committed 6656K, reserved 1048576K
GC Heap History (20 events):
Event: 0.837 GC heap before
{Heap before GC invocations=0 (full 0):
 garbage-first heap   total 131072K, used 19456K [0x0000000080000000, 0x0000000100000000)
  region size 1024K, 14 young (14336K), 0 survivors (0K)
 Metaspace       used 6740K, capacity 6929K, committed 7168K, reserved 1056768K
  class space    used 582K, capacity 650K, committed 768K, reserved 1048576K
}
Event: 0.847 GC heap after
{Heap after GC invocations=1 (full 0):
 garbage-first heap   total 131072K, used 8157K [0x0000000080000000, 0x0000000100000000)
  region size 1024K, 2 young (2048K), 2 survivors (2048K)
 Metaspace       used 6740K, capacity 6929K, committed 7168K, reserved 1056768K
  class space    used 582K, capacity 650K, committed 768K, reserved 1048576K
}
Event: 1.297 GC heap before
{Heap before GC invocations=1 (full 0):
 garbage-first heap   total 131072K, used 19421K [0x0000000080000000, 0x0000000100000000)
  region size 1024K, 13 young (13312K), 2 survivors (2048K)
 Metaspace       used 10252K, capacity 10557K, committed 10624K, reserved 1058816K
  class space    used 1070K, capacity 1139K, committed 1152K, reserved 1048576K
}
Event: 1.300 GC heap after
{Heap after GC invocations=2 (full 0):
 garbage-first heap   total 131072K, used 9612K [0x0000000080000000, 0x0000000100000000)
  region size 1024K, 2 young (2048K), 2 survivors (2048K)
 Metaspace       used 10252K, capacity 10557K, committed 10624K, reserved 1058816K
  class space    used 1070K, capacity 1139K, committed 1152K, reserved 1048576K
}
Event: 1.966 GC heap before
{Heap before GC invocations=2 (full 0):
 garbage-first heap   total 131072K, used 39308K [0x0000000080000000, 0x0000000100000000)
  region size 1024K, 31 young (31744K), 2 survivors (2048K)
 Metaspace       used 11236K, capacity 11512K, committed 11776K, reserved 1060864K
  class space    used 1172K, capacity 1244K, committed 1280K, reserved 1048576K
}
Event: 1.971 GC heap after
{Heap after GC invocations=3 (full 0):
 garbage-first heap   total 131072K, used 13133K [0x0000000080000000, 0x0000000100000000)
  region size 1024K, 4 young (4096K), 4 survivors (4096K)
 Metaspace       used 11236K, capacity 11512K, committed 11776K, reserved 1060864K
  class space    used 1172K, capacity 1244K, committed 1280K, reserved 1048576K
}
Event: 3.867 GC heap before
{Heap before GC invocations=3 (full 0):
 garbage-first heap   total 131072K, used 69453K [0x0000000080000000, 0x0000000100000000)
  region size 1024K, 59 young (60416K), 4 survivors (4096K)
 Metaspace       used 19384K, capacity 19846K, committed 19968K, reserved 1067008K
  class space    used 2366K, capacity 2516K, committed 2560K, reserved 1048576K
}
Event: 3.902 GC heap after
{Heap after GC invocations=4 (full 0):
 garbage-first heap   total 131072K, used 16412K [0x0000000080000000, 0x0000000100000000)
  region size 1024K, 8 young (8192K), 8 survivors (8192K)
 Metaspace       used 19384K, capacity 19846K, committed 19968K, reserved 1067008K
  class space    used 2366K, capacity 2516K, committed 2560K, reserved 1048576K
}
Event: 4.068 GC heap before
{Heap before GC invocations=4 (full 0):
 garbage-first heap   total 131072K, used 25628K [0x0000000080000000, 0x0000000100000000)
  region size 1024K, 18 young (18432K), 8 survivors (8192K)
 Metaspace       used 20646K, capacity 21108K, committed 21296K, reserved 1069056K
  class space    used 2531K, capacity 2660K, committed 2688K, reserved 1048576K
}
Event: 4.077 GC heap after
{Heap after GC invocations=5 (full 0):
 garbage-first heap   total 131072K, used 17922K [0x0000000080000000, 0x0000000100000000)
  region size 1024K, 1 young (1024K), 1 survivors (1024K)
 Metaspace       used 20646K, capacity 21108K, committed 21296K, reserved 1069056K
  class space    used 2531K, capacity 2660K, committed 2688K, reserved 1048576K
}
Event: 4.982 GC heap before
{Heap before GC invocations=6 (full 0):
 garbage-first heap   total 131072K, used 65026K [0x0000000080000000, 0x0000000100000000)
  region size 1024K, 47 young (48128K), 1 survivors (1024K)
 Metaspace       used 25604K, capacity 26203K, committed 26368K, reserved 1073152K
  class space    used 3330K, capacity 3534K, committed 3584K, reserved 1048576K
}
Event: 4.987 GC heap after
{Heap after GC invocations=7 (full 0):
 garbage-first heap   total 157696K, used 19439K [0x0000000080000000, 0x0000000100000000)
  region size 1024K, 3 young (3072K), 3 survivors (3072K)
 Metaspace       used 25604K, capacity 26203K, committed 26368K, reserved 1073152K
  class space    used 3330K, capacity 3534K, committed 3584K, reserved 1048576K
}
Event: 7.197 GC heap before
{Heap before GC invocations=7 (full 0):
 garbage-first heap   total 157696K, used 78831K [0x0000000080000000, 0x0000000100000000)
  region size 1024K, 61 young (62464K), 3 survivors (3072K)
 Metaspace       used 34390K, capacity 35118K, committed 35328K, reserved 1079296K
  class space    used 4469K, capacity 4767K, committed 4864K, reserved 1048576K
}
Event: 7.210 GC heap after
{Heap after GC invocations=8 (full 0):
 garbage-first heap   total 157696K, used 22780K [0x0000000080000000, 0x0000000100000000)
  region size 1024K, 6 young (6144K), 6 survivors (6144K)
 Metaspace       used 34390K, capacity 35118K, committed 35328K, reserved 1079296K
  class space    used 4469K, capacity 4767K, committed 4864K, reserved 1048576K
}
Event: 7.407 GC heap before
{Heap before GC invocations=8 (full 0):
 garbage-first heap   total 157696K, used 25852K [0x0000000080000000, 0x0000000100000000)
  region size 1024K, 10 young (10240K), 6 survivors (6144K)
 Metaspace       used 35055K, capacity 35850K, committed 36048K, reserved 1081344K
  class space    used 4557K, capacity 4863K, committed 4864K, reserved 1048576K
}
Event: 7.418 GC heap after
{Heap after GC invocations=9 (full 0):
 garbage-first heap   total 157696K, used 23349K [0x0000000080000000, 0x0000000100000000)
  region size 1024K, 4 young (4096K), 4 survivors (4096K)
 Metaspace       used 35055K, capacity 35850K, committed 36048K, reserved 1081344K
  class space    used 4557K, capacity 4863K, committed 4864K, reserved 1048576K
}
Event: 10.346 GC heap before
{Heap before GC invocations=10 (full 0):
 garbage-first heap   total 157696K, used 89909K [0x0000000080000000, 0x0000000100000000)
  region size 1024K, 67 young (68608K), 4 survivors (4096K)
 Metaspace       used 40075K, capacity 41017K, committed 41296K, reserved 1085440K
  class space    used 5110K, capacity 5471K, committed 5504K, reserved 1048576K
}
Event: 10.362 GC heap after
{Heap after GC invocations=11 (full 0):
 garbage-first heap   total 157696K, used 28202K [0x0000000080000000, 0x0000000100000000)
  region size 1024K, 9 young (9216K), 9 survivors (9216K)
 Metaspace       used 40075K, capacity 41017K, committed 41296K, reserved 1085440K
  class space    used 5110K, capacity 5471K, committed 5504K, reserved 1048576K
}
Event: 11.908 GC heap before
{Heap before GC invocations=11 (full 0):
 garbage-first heap   total 157696K, used 93738K [0x0000000080000000, 0x0000000100000000)
  region size 1024K, 73 young (74752K), 9 survivors (9216K)
 Metaspace       used 46035K, capacity 47112K, committed 47312K, reserved 1089536K
  class space    used 5913K, capacity 6300K, committed 6400K, reserved 1048576K
}
Event: 11.923 GC heap after
{Heap after GC invocations=12 (full 0):
 garbage-first heap   total 157696K, used 30276K [0x0000000080000000, 0x0000000100000000)
  region size 1024K, 3 young (3072K), 3 survivors (3072K)
 Metaspace       used 46035K, capacity 47112K, committed 47312K, reserved 1089536K
  class space    used 5913K, capacity 6300K, committed 6400K, reserved 1048576K
}

